<?xml version="1.0" encoding="UTF-8"?>
<!-- Generated by org.testng.reporters.JUnitReportReporter -->
<testsuite hostname="Ganesh-PC" failures="0" tests="1" name="testcases.Login" time="15.593" errors="0" timestamp="2020-12-28T17:16:22 PST" skipped="0">
  <testcase classname="testcases.Login" name="Login_Test" time="15.593"/>
  <system-out/>
</testsuite> <!-- testcases.Login -->
