<?xml version="1.0" encoding="UTF-8"?>
<!-- Generated by org.testng.reporters.JUnitReportReporter -->
<testsuite hostname="Ganesh-PC" failures="0" tests="1" name="testcases.Login" time="12.304" errors="0" timestamp="30 Dec 2020 00:13:08 GMT" skipped="0">
  <testcase classname="testcases.Login" name="Login_Test" time="12.304"/>
</testsuite> <!-- testcases.Login -->
