<?xml version="1.0" encoding="UTF-8"?>
<!-- Generated by org.testng.reporters.JUnitReportReporter -->
<testsuite hostname="Ganesh-PC" failures="0" tests="1" name="testcases.Login" time="25.049" errors="0" timestamp="2020-12-28T08:51:43 PST" skipped="0">
  <testcase classname="testcases.Login" name="Login_Test" time="25.049"/>
  <system-out/>
</testsuite> <!-- testcases.Login -->
